<?xml version="1.0" encoding="UTF-8"?>
<!-- Generated by org.testng.reporters.JUnitReportReporter -->
<testsuite hostname="LIN51015006" failures="0" tests="4" name="endPoints.GenerateEndPoint" time="3.840" errors="0" timestamp="2022-07-21T15:55:06 IST" skipped="0">
  <testcase classname="endPoints.GenerateEndPoint" name="validateRequest" time="0.508"/>
  <system-out/>
  <testcase classname="endPoints.GenerateEndPoint" name="validateRequest" time="1.141"/>
  <system-out/>
  <testcase classname="endPoints.GenerateEndPoint" name="validateRequest" time="1.577"/>
  <system-out/>
  <testcase classname="endPoints.GenerateEndPoint" name="validateRequest" time="0.614"/>
  <system-out/>
</testsuite> <!-- endPoints.GenerateEndPoint -->
